<?xml version="1.0" encoding="UTF-8"?>
<!-- Generated by org.testng.reporters.JUnitReportReporter -->
<testsuite hostname="DESKTOP-UMSL6GD" failures="0" tests="1" name="cucumber.TestNgTestRunner" time="44.838" errors="0" timestamp="18 Apr 2024 14:24:40 GMT" skipped="0">
  <testcase classname="cucumber.TestNgTestRunner" name="runScenario" time="44.838"/>
</testsuite> <!-- cucumber.TestNgTestRunner -->
